2021-01-28 04:21:47.270  INFO 8816 --- [main] g.c.s.d.s.s.SSOServerApplicationTests    : The following profiles are active: security,dev
2021-01-28 04:21:48.640  INFO 8816 --- [main] .s.d.r.c.RepositoryConfigurationDelegate : Multiple Spring Data modules found, entering strict repository configuration mode!
2021-01-28 04:21:48.641  INFO 8816 --- [main] .s.d.r.c.RepositoryConfigurationDelegate : Bootstrapping Spring Data JPA repositories in DEFAULT mode.
2021-01-28 04:21:48.965  INFO 8816 --- [main] .s.d.r.c.RepositoryConfigurationDelegate : Finished Spring Data repository scanning in 315ms. Found 10 JPA repository interfaces.
2021-01-28 04:21:49.771  INFO 8816 --- [main] .s.d.r.c.RepositoryConfigurationDelegate : Multiple Spring Data modules found, entering strict repository configuration mode!
2021-01-28 04:21:49.773  INFO 8816 --- [main] .s.d.r.c.RepositoryConfigurationDelegate : Bootstrapping Spring Data Redis repositories in DEFAULT mode.
2021-01-28 04:21:49.809  INFO 8816 --- [main] .s.d.r.c.RepositoryConfigurationDelegate : Finished Spring Data repository scanning in 19ms. Found 0 Redis repository interfaces.
2021-01-28 04:21:50.176  INFO 8816 --- [main] o.s.cloud.context.scope.GenericScope     : BeanFactory id=c1c0fc98-660f-36a0-92ac-38d484e7b072
2021-01-28 04:21:50.806  INFO 8816 --- [main] trationDelegate$BeanPostProcessorChecker : Bean 'org.springframework.transaction.annotation.ProxyTransactionManagementConfiguration' of type [org.springframework.transaction.annotation.ProxyTransactionManagementConfiguration] is not eligible for getting processed by all BeanPostProcessors (for example: not eligible for auto-proxying)
2021-01-28 04:21:52.615  INFO 8816 --- [main] com.zaxxer.hikari.HikariDataSource       : HikariPool-1 - Starting...
2021-01-28 04:21:53.116  INFO 8816 --- [main] com.zaxxer.hikari.HikariDataSource       : HikariPool-1 - Start completed.
2021-01-28 04:21:54.660  INFO 8816 --- [main] j.LocalContainerEntityManagerFactoryBean : Initialized JPA EntityManagerFactory for persistence unit 'primaryPersistenceUnit'
2021-01-28 04:21:58.277 DEBUG 8816 --- [main] .s.o.p.e.FrameworkEndpointHandlerMapping : 7 mappings in 'oauth2EndpointHandlerMapping'
2021-01-28 04:21:58.736  INFO 8816 --- [main] o.s.b.a.e.web.EndpointLinksResolver      : Exposing 2 endpoint(s) beneath base path '/actuator'
2021-01-28 04:21:59.548 DEBUG 8816 --- [main] s.c.a.w.c.WebSecurityConfigurerAdapter$2 : No authenticationProviders and no parentAuthenticationManager defined. Returning null.
2021-01-28 04:21:59.978  INFO 8816 --- [main] o.s.s.web.DefaultSecurityFilterChain     : Creating filter chain: Ant [pattern='/**', OPTIONS], []
2021-01-28 04:22:00.122 DEBUG 8816 --- [main] edFilterInvocationSecurityMetadataSource : Adding web access control expression 'fullyAuthenticated', for Ant [pattern='/oauth/token']
2021-01-28 04:22:00.124 DEBUG 8816 --- [main] edFilterInvocationSecurityMetadataSource : Adding web access control expression 'isAuthenticated()', for Ant [pattern='/oauth/token_key']
2021-01-28 04:22:00.125 DEBUG 8816 --- [main] edFilterInvocationSecurityMetadataSource : Adding web access control expression 'permitAll()', for Ant [pattern='/oauth/check_token']
2021-01-28 04:22:00.139 DEBUG 8816 --- [main] o.s.s.w.a.i.FilterSecurityInterceptor    : Validated configuration attributes
2021-01-28 04:22:00.141 DEBUG 8816 --- [main] o.s.s.w.a.i.FilterSecurityInterceptor    : Validated configuration attributes
2021-01-28 04:22:00.158  INFO 8816 --- [main] o.s.s.web.DefaultSecurityFilterChain     : Creating filter chain: OrRequestMatcher [requestMatchers=[Ant [pattern='/oauth/token'], Ant [pattern='/oauth/token_key'], Ant [pattern='/oauth/check_token']]], [org.springframework.security.web.context.request.async.WebAsyncManagerIntegrationFilter@3fbf66e7, org.springframework.security.web.context.SecurityContextPersistenceFilter@6a25c9ad, org.springframework.security.web.header.HeaderWriterFilter@62c02089, org.springframework.security.web.authentication.logout.LogoutFilter@770be0d0, org.springframework.security.oauth2.provider.client.ClientCredentialsTokenEndpointFilter@384cd83a, org.springframework.security.web.authentication.www.BasicAuthenticationFilter@457dc809, org.springframework.security.web.savedrequest.RequestCacheAwareFilter@1ae37be2, org.springframework.security.web.servletapi.SecurityContextHolderAwareRequestFilter@234dfc8e, org.springframework.security.web.authentication.AnonymousAuthenticationFilter@6abbdcde, org.springframework.security.web.session.SessionManagementFilter@25ee3cd6, org.springframework.security.web.access.ExceptionTranslationFilter@49231d79, org.springframework.security.web.access.intercept.FilterSecurityInterceptor@4feea86f]
2021-01-28 04:22:00.192 DEBUG 8816 --- [main] edFilterInvocationSecurityMetadataSource : Adding web access control expression 'permitAll', for Ant [pattern='/login', OPTIONS]
2021-01-28 04:22:00.193 DEBUG 8816 --- [main] edFilterInvocationSecurityMetadataSource : Adding web access control expression 'authenticated', for any request
2021-01-28 04:22:00.193 DEBUG 8816 --- [main] o.s.s.w.a.i.FilterSecurityInterceptor    : Validated configuration attributes
2021-01-28 04:22:00.194 DEBUG 8816 --- [main] o.s.s.w.a.i.FilterSecurityInterceptor    : Validated configuration attributes
2021-01-28 04:22:00.196  INFO 8816 --- [main] o.s.s.web.DefaultSecurityFilterChain     : Creating filter chain: any request, [org.springframework.security.web.context.request.async.WebAsyncManagerIntegrationFilter@7e2c8622, org.springframework.security.web.context.SecurityContextPersistenceFilter@23b02f37, org.springframework.security.web.header.HeaderWriterFilter@1af29a19, org.springframework.web.filter.CorsFilter@51e14cb6, org.springframework.security.web.authentication.logout.LogoutFilter@696d28ee, org.springframework.security.web.authentication.UsernamePasswordAuthenticationFilter@18a349cb, org.springframework.security.web.authentication.ui.DefaultLoginPageGeneratingFilter@57f83dc7, org.springframework.security.web.authentication.ui.DefaultLogoutPageGeneratingFilter@4b02dc4e, org.springframework.security.web.savedrequest.RequestCacheAwareFilter@73cdf5f9, org.springframework.security.web.servletapi.SecurityContextHolderAwareRequestFilter@7d619bcb, org.springframework.security.web.authentication.AnonymousAuthenticationFilter@b67b359, org.springframework.security.web.session.SessionManagementFilter@38624a3a, org.springframework.security.web.access.ExceptionTranslationFilter@49f32bcb, org.springframework.security.web.access.intercept.FilterSecurityInterceptor@2524f9bf]
2021-01-28 04:22:00.345  INFO 8816 --- [main] pertySourcedRequestMappingHandlerMapping : Mapped URL path [/v2/api-docs] onto method [springfox.documentation.swagger2.web.Swagger2Controller#getDocumentation(String, HttpServletRequest)]
2021-01-28 04:22:01.020  INFO 8816 --- [main] o.s.s.concurrent.ThreadPoolTaskExecutor  : Initializing ExecutorService 'applicationTaskExecutor'
2021-01-28 04:22:02.637  INFO 8816 --- [main] d.s.w.p.DocumentationPluginsBootstrapper : Context refreshed
2021-01-28 04:22:02.670  INFO 8816 --- [main] d.s.w.p.DocumentationPluginsBootstrapper : Found 1 custom documentation plugin(s)
2021-01-28 04:22:02.727  INFO 8816 --- [main] s.d.s.w.s.ApiListingReferenceScanner     : Scanning for api listing references
2021-01-28 04:22:03.093  INFO 8816 --- [main] .d.s.w.r.o.CachingOperationNameGenerator : Generating unique operation named: handleUsingGET_1
2021-01-28 04:22:03.096  INFO 8816 --- [main] .d.s.w.r.o.CachingOperationNameGenerator : Generating unique operation named: handleUsingGET_2
2021-01-28 04:22:03.344  INFO 8816 --- [main] g.c.s.d.s.s.SSOServerApplicationTests    : Started SSOServerApplicationTests in 17.62 seconds (JVM running for 18.763)
2021-01-28 04:22:03.755  INFO 8816 --- [SpringContextShutdownHook] o.s.s.concurrent.ThreadPoolTaskExecutor  : Shutting down ExecutorService 'applicationTaskExecutor'
2021-01-28 04:22:03.792  INFO 8816 --- [SpringContextShutdownHook] j.LocalContainerEntityManagerFactoryBean : Closing JPA EntityManagerFactory for persistence unit 'primaryPersistenceUnit'
2021-01-28 04:22:03.794  INFO 8816 --- [SpringContextShutdownHook] com.zaxxer.hikari.HikariDataSource       : HikariPool-1 - Shutdown initiated...
2021-01-28 04:22:03.865  INFO 8816 --- [SpringContextShutdownHook] com.zaxxer.hikari.HikariDataSource       : HikariPool-1 - Shutdown completed.
