2021-01-28 04:29:37.949 DEBUG 14848 --- [main] o.s.w.c.s.GenericWebApplicationContext   : Refreshing org.springframework.web.context.support.GenericWebApplicationContext@1021f6c9
2021-01-28 04:29:50.344 DEBUG 14848 --- [main] s.w.s.m.m.a.RequestMappingHandlerMapping : 13 mappings in 'requestMappingHandlerMapping'
2021-01-28 04:29:50.821 DEBUG 14848 --- [main] eGlobalAuthenticationAutowiredConfigurer : Eagerly initializing {webSecurityConfig=github.com.suitelhy.dingding.sso.authorization.infrastructure.config.security.sso.WebSecurityConfig$$EnhancerBySpringCGLIB$$a37c2e94@243162b1}
2021-01-28 04:29:51.277  INFO 14848 --- [main] o.s.s.web.DefaultSecurityFilterChain     : Creating filter chain: Ant [pattern='/**', OPTIONS], []
2021-01-28 04:29:51.404 DEBUG 14848 --- [main] edFilterInvocationSecurityMetadataSource : Adding web access control expression 'permitAll', for Ant [pattern='/**', OPTIONS]
2021-01-28 04:29:51.406 DEBUG 14848 --- [main] edFilterInvocationSecurityMetadataSource : Adding web access control expression 'authenticated', for any request
2021-01-28 04:29:51.416 DEBUG 14848 --- [main] o.s.s.w.a.i.FilterSecurityInterceptor    : Validated configuration attributes
2021-01-28 04:29:51.417 DEBUG 14848 --- [main] o.s.s.w.a.i.FilterSecurityInterceptor    : Validated configuration attributes
2021-01-28 04:29:51.425  INFO 14848 --- [main] o.s.s.web.DefaultSecurityFilterChain     : Creating filter chain: any request, [org.springframework.security.web.context.request.async.WebAsyncManagerIntegrationFilter@3fc2e100, org.springframework.security.web.context.SecurityContextPersistenceFilter@758ac46, org.springframework.security.web.header.HeaderWriterFilter@307e9c02, org.springframework.security.web.authentication.logout.LogoutFilter@3013e1e8, org.springframework.security.oauth2.provider.authentication.OAuth2AuthenticationProcessingFilter@f9979cf, org.springframework.security.web.savedrequest.RequestCacheAwareFilter@593e594f, org.springframework.security.web.servletapi.SecurityContextHolderAwareRequestFilter@5466a819, org.springframework.security.web.authentication.AnonymousAuthenticationFilter@31885b4b, org.springframework.security.web.session.SessionManagementFilter@73072745, org.springframework.security.web.access.ExceptionTranslationFilter@58701e8c, org.springframework.security.web.access.intercept.FilterSecurityInterceptor@492d38a2]
2021-01-28 04:29:51.459 DEBUG 14848 --- [main] edFilterInvocationSecurityMetadataSource : Adding web access control expression 'permitAll', for Ant [pattern='/**', OPTIONS]
2021-01-28 04:29:51.461 DEBUG 14848 --- [main] edFilterInvocationSecurityMetadataSource : Adding web access control expression 'authenticated', for any request
2021-01-28 04:29:51.462 DEBUG 14848 --- [main] o.s.s.w.a.i.FilterSecurityInterceptor    : Validated configuration attributes
2021-01-28 04:29:51.463 DEBUG 14848 --- [main] o.s.s.w.a.i.FilterSecurityInterceptor    : Validated configuration attributes
2021-01-28 04:29:51.465  INFO 14848 --- [main] o.s.s.web.DefaultSecurityFilterChain     : Creating filter chain: any request, [org.springframework.security.web.context.request.async.WebAsyncManagerIntegrationFilter@5d200dce, org.springframework.security.web.context.SecurityContextPersistenceFilter@6bc8d8bd, org.springframework.security.web.header.HeaderWriterFilter@1a67bde5, org.springframework.web.filter.CorsFilter@628f0936, org.springframework.security.web.authentication.logout.LogoutFilter@4b3e4253, org.springframework.security.web.savedrequest.RequestCacheAwareFilter@395c21ee, org.springframework.security.web.servletapi.SecurityContextHolderAwareRequestFilter@1e733bb5, org.springframework.security.web.authentication.AnonymousAuthenticationFilter@1a59500b, org.springframework.security.web.session.SessionManagementFilter@5c648e38, org.springframework.security.web.access.ExceptionTranslationFilter@4552e288, github.com.suitelhy.dingding.sso.authorization.infrastructure.web.security.DingDingAnonymousAuthenticationFilter@370a935f, github.com.suitelhy.dingding.sso.authorization.infrastructure.web.security.DingDingFilterSecurityInterceptor@9734cae, org.springframework.security.web.access.intercept.FilterSecurityInterceptor@3615f8d9]
2021-01-28 04:29:52.066 DEBUG 14848 --- [main] s.w.s.m.m.a.RequestMappingHandlerAdapter : ControllerAdvice beans: 0 @ModelAttribute, 0 @InitBinder, 1 RequestBodyAdvice, 1 ResponseBodyAdvice
2021-01-28 04:29:52.199 DEBUG 14848 --- [main] o.s.w.s.handler.SimpleUrlHandlerMapping  : Patterns [/api/v2/api-docs, /api/swagger-resources/configuration/ui, /api/swagger-resources/configuration/security, /api/swagger-resources] in 'viewControllerHandlerMapping'
2021-01-28 04:29:52.256 DEBUG 14848 --- [main] o.s.w.s.handler.SimpleUrlHandlerMapping  : Patterns [/webjars/**, /static/**, /api/swagger-ui.html**, /api/webjars/**] in 'resourceHandlerMapping'
2021-01-28 04:29:52.310 DEBUG 14848 --- [main] .m.m.a.ExceptionHandlerExceptionResolver : ControllerAdvice beans: 0 @ExceptionHandler, 1 ResponseBodyAdvice
2021-01-28 04:30:08.840 DEBUG 14848 --- [SpringContextShutdownHook] o.s.w.c.s.GenericWebApplicationContext   : Closing org.springframework.web.context.support.GenericWebApplicationContext@1021f6c9, started on Thu Jan 28 04:29:37 CST 2021
2021-01-28 05:30:53.662 DEBUG 15180 --- [main] o.s.w.c.s.GenericWebApplicationContext   : Refreshing org.springframework.web.context.support.GenericWebApplicationContext@1021f6c9
2021-01-28 05:31:03.296 DEBUG 15180 --- [main] s.w.s.m.m.a.RequestMappingHandlerMapping : 13 mappings in 'requestMappingHandlerMapping'
2021-01-28 05:31:03.771 DEBUG 15180 --- [main] eGlobalAuthenticationAutowiredConfigurer : Eagerly initializing {webSecurityConfig=github.com.suitelhy.dingding.sso.authorization.infrastructure.config.security.sso.WebSecurityConfig$$EnhancerBySpringCGLIB$$8e9e306d@33bf2602}
2021-01-28 05:31:04.095  INFO 15180 --- [main] o.s.s.web.DefaultSecurityFilterChain     : Creating filter chain: Ant [pattern='/**', OPTIONS], []
2021-01-28 05:31:04.220 DEBUG 15180 --- [main] edFilterInvocationSecurityMetadataSource : Adding web access control expression 'permitAll', for Ant [pattern='/**', OPTIONS]
2021-01-28 05:31:04.222 DEBUG 15180 --- [main] edFilterInvocationSecurityMetadataSource : Adding web access control expression 'authenticated', for any request
2021-01-28 05:31:04.231 DEBUG 15180 --- [main] o.s.s.w.a.i.FilterSecurityInterceptor    : Validated configuration attributes
2021-01-28 05:31:04.231 DEBUG 15180 --- [main] o.s.s.w.a.i.FilterSecurityInterceptor    : Validated configuration attributes
2021-01-28 05:31:04.240  INFO 15180 --- [main] o.s.s.web.DefaultSecurityFilterChain     : Creating filter chain: any request, [org.springframework.security.web.context.request.async.WebAsyncManagerIntegrationFilter@5ed463b7, org.springframework.security.web.context.SecurityContextPersistenceFilter@307e9c02, org.springframework.security.web.header.HeaderWriterFilter@7f1b2f07, org.springframework.security.web.authentication.logout.LogoutFilter@47629063, org.springframework.security.oauth2.provider.authentication.OAuth2AuthenticationProcessingFilter@7d381eae, org.springframework.security.web.savedrequest.RequestCacheAwareFilter@6bc08a77, org.springframework.security.web.servletapi.SecurityContextHolderAwareRequestFilter@4bdbfbc6, org.springframework.security.web.authentication.AnonymousAuthenticationFilter@1ae90cb9, org.springframework.security.web.session.SessionManagementFilter@58701e8c, org.springframework.security.web.access.ExceptionTranslationFilter@20e7152a, org.springframework.security.web.access.intercept.FilterSecurityInterceptor@2be208db]
2021-01-28 05:31:04.267 DEBUG 15180 --- [main] edFilterInvocationSecurityMetadataSource : Adding web access control expression 'permitAll', for Ant [pattern='/**', OPTIONS]
2021-01-28 05:31:04.267 DEBUG 15180 --- [main] edFilterInvocationSecurityMetadataSource : Adding web access control expression 'authenticated', for any request
2021-01-28 05:31:04.268 DEBUG 15180 --- [main] o.s.s.w.a.i.FilterSecurityInterceptor    : Validated configuration attributes
2021-01-28 05:31:04.269 DEBUG 15180 --- [main] o.s.s.w.a.i.FilterSecurityInterceptor    : Validated configuration attributes
2021-01-28 05:31:04.280  INFO 15180 --- [main] o.s.s.web.DefaultSecurityFilterChain     : Creating filter chain: any request, [org.springframework.security.web.context.request.async.WebAsyncManagerIntegrationFilter@13b5598b, org.springframework.security.web.context.SecurityContextPersistenceFilter@2cdd156b, org.springframework.security.web.header.HeaderWriterFilter@40da1644, org.springframework.web.filter.CorsFilter@527d1fe1, org.springframework.security.web.authentication.logout.LogoutFilter@42fb2be9, org.springframework.security.web.savedrequest.RequestCacheAwareFilter@487bc2fe, org.springframework.security.web.servletapi.SecurityContextHolderAwareRequestFilter@58038583, org.springframework.security.web.authentication.AnonymousAuthenticationFilter@141c66db, org.springframework.security.web.session.SessionManagementFilter@5980e29f, org.springframework.security.web.access.ExceptionTranslationFilter@5746609e, github.com.suitelhy.dingding.sso.authorization.infrastructure.web.security.DingDingAnonymousAuthenticationFilter@9734cae, github.com.suitelhy.dingding.sso.authorization.infrastructure.web.security.DingDingFilterSecurityInterceptor@2d2afc39, org.springframework.security.web.access.intercept.FilterSecurityInterceptor@4b3e4253]
2021-01-28 05:31:05.135 DEBUG 15180 --- [main] s.w.s.m.m.a.RequestMappingHandlerAdapter : ControllerAdvice beans: 0 @ModelAttribute, 0 @InitBinder, 1 RequestBodyAdvice, 1 ResponseBodyAdvice
2021-01-28 05:31:05.219 DEBUG 15180 --- [main] o.s.w.s.handler.SimpleUrlHandlerMapping  : Patterns [/api/v2/api-docs, /api/swagger-resources/configuration/ui, /api/swagger-resources/configuration/security, /api/swagger-resources] in 'viewControllerHandlerMapping'
2021-01-28 05:31:05.259 DEBUG 15180 --- [main] o.s.w.s.handler.SimpleUrlHandlerMapping  : Patterns [/webjars/**, /static/**, /api/swagger-ui.html**, /api/webjars/**] in 'resourceHandlerMapping'
2021-01-28 05:31:05.283 DEBUG 15180 --- [main] .m.m.a.ExceptionHandlerExceptionResolver : ControllerAdvice beans: 0 @ExceptionHandler, 1 ResponseBodyAdvice
2021-01-28 05:31:21.643 DEBUG 15180 --- [SpringContextShutdownHook] o.s.w.c.s.GenericWebApplicationContext   : Closing org.springframework.web.context.support.GenericWebApplicationContext@1021f6c9, started on Thu Jan 28 05:30:53 CST 2021
2021-01-28 05:46:55.171 DEBUG 9972 --- [main] o.s.w.c.s.GenericWebApplicationContext   : Refreshing org.springframework.web.context.support.GenericWebApplicationContext@1021f6c9
2021-01-28 05:47:03.233 DEBUG 9972 --- [main] s.w.s.m.m.a.RequestMappingHandlerMapping : 13 mappings in 'requestMappingHandlerMapping'
2021-01-28 05:47:03.600 DEBUG 9972 --- [main] eGlobalAuthenticationAutowiredConfigurer : Eagerly initializing {webSecurityConfig=github.com.suitelhy.dingding.sso.authorization.infrastructure.config.security.sso.WebSecurityConfig$$EnhancerBySpringCGLIB$$aeec151b@7e366c6f}
2021-01-28 05:47:03.916  INFO 9972 --- [main] o.s.s.web.DefaultSecurityFilterChain     : Creating filter chain: Ant [pattern='/**', OPTIONS], []
2021-01-28 05:47:04.004 DEBUG 9972 --- [main] edFilterInvocationSecurityMetadataSource : Adding web access control expression 'permitAll', for Ant [pattern='/**', OPTIONS]
2021-01-28 05:47:04.006 DEBUG 9972 --- [main] edFilterInvocationSecurityMetadataSource : Adding web access control expression 'authenticated', for any request
2021-01-28 05:47:04.022 DEBUG 9972 --- [main] o.s.s.w.a.i.FilterSecurityInterceptor    : Validated configuration attributes
2021-01-28 05:47:04.023 DEBUG 9972 --- [main] o.s.s.w.a.i.FilterSecurityInterceptor    : Validated configuration attributes
2021-01-28 05:47:04.031  INFO 9972 --- [main] o.s.s.web.DefaultSecurityFilterChain     : Creating filter chain: any request, [org.springframework.security.web.context.request.async.WebAsyncManagerIntegrationFilter@3fc2e100, org.springframework.security.web.context.SecurityContextPersistenceFilter@758ac46, org.springframework.security.web.header.HeaderWriterFilter@307e9c02, org.springframework.security.web.authentication.logout.LogoutFilter@3013e1e8, org.springframework.security.oauth2.provider.authentication.OAuth2AuthenticationProcessingFilter@f9979cf, org.springframework.security.web.savedrequest.RequestCacheAwareFilter@593e594f, org.springframework.security.web.servletapi.SecurityContextHolderAwareRequestFilter@5466a819, org.springframework.security.web.authentication.AnonymousAuthenticationFilter@31885b4b, org.springframework.security.web.session.SessionManagementFilter@73072745, org.springframework.security.web.access.ExceptionTranslationFilter@58701e8c, org.springframework.security.web.access.intercept.FilterSecurityInterceptor@492d38a2]
2021-01-28 05:47:04.050 DEBUG 9972 --- [main] edFilterInvocationSecurityMetadataSource : Adding web access control expression 'permitAll', for Ant [pattern='/**', OPTIONS]
2021-01-28 05:47:04.050 DEBUG 9972 --- [main] edFilterInvocationSecurityMetadataSource : Adding web access control expression 'authenticated', for any request
2021-01-28 05:47:04.051 DEBUG 9972 --- [main] o.s.s.w.a.i.FilterSecurityInterceptor    : Validated configuration attributes
2021-01-28 05:47:04.052 DEBUG 9972 --- [main] o.s.s.w.a.i.FilterSecurityInterceptor    : Validated configuration attributes
2021-01-28 05:47:04.052  INFO 9972 --- [main] o.s.s.web.DefaultSecurityFilterChain     : Creating filter chain: any request, [org.springframework.security.web.context.request.async.WebAsyncManagerIntegrationFilter@5d200dce, org.springframework.security.web.context.SecurityContextPersistenceFilter@6bc8d8bd, org.springframework.security.web.header.HeaderWriterFilter@1a67bde5, org.springframework.web.filter.CorsFilter@10abd94f, org.springframework.security.web.authentication.logout.LogoutFilter@4b3e4253, org.springframework.security.web.savedrequest.RequestCacheAwareFilter@395c21ee, org.springframework.security.web.servletapi.SecurityContextHolderAwareRequestFilter@1e733bb5, org.springframework.security.web.authentication.AnonymousAuthenticationFilter@1a59500b, org.springframework.security.web.session.SessionManagementFilter@5c648e38, org.springframework.security.web.access.ExceptionTranslationFilter@4552e288, github.com.suitelhy.dingding.sso.authorization.infrastructure.web.security.DingDingAnonymousAuthenticationFilter@684430c1, github.com.suitelhy.dingding.sso.authorization.infrastructure.web.security.DingDingFilterSecurityInterceptor@51f009ef, org.springframework.security.web.access.intercept.FilterSecurityInterceptor@3615f8d9]
2021-01-28 05:47:04.645 DEBUG 9972 --- [main] s.w.s.m.m.a.RequestMappingHandlerAdapter : ControllerAdvice beans: 0 @ModelAttribute, 0 @InitBinder, 1 RequestBodyAdvice, 1 ResponseBodyAdvice
2021-01-28 05:47:04.717 DEBUG 9972 --- [main] o.s.w.s.handler.SimpleUrlHandlerMapping  : Patterns [/api/v2/api-docs, /api/swagger-resources/configuration/ui, /api/swagger-resources/configuration/security, /api/swagger-resources] in 'viewControllerHandlerMapping'
2021-01-28 05:47:04.762 DEBUG 9972 --- [main] o.s.w.s.handler.SimpleUrlHandlerMapping  : Patterns [/webjars/**, /static/**, /api/swagger-ui.html**, /api/webjars/**] in 'resourceHandlerMapping'
2021-01-28 05:47:04.779 DEBUG 9972 --- [main] .m.m.a.ExceptionHandlerExceptionResolver : ControllerAdvice beans: 0 @ExceptionHandler, 1 ResponseBodyAdvice
2021-01-28 05:47:20.690 DEBUG 9972 --- [SpringContextShutdownHook] o.s.w.c.s.GenericWebApplicationContext   : Closing org.springframework.web.context.support.GenericWebApplicationContext@1021f6c9, started on Thu Jan 28 05:46:55 CST 2021
