2021-01-27 12:39:48.527 DEBUG 7996 --- [main] o.s.w.c.s.GenericWebApplicationContext   : Refreshing org.springframework.web.context.support.GenericWebApplicationContext@32c0915e
2021-01-27 12:40:01.365 DEBUG 7996 --- [main] s.w.s.m.m.a.RequestMappingHandlerMapping : 8 mappings in 'requestMappingHandlerMapping'
2021-01-27 12:40:03.398 DEBUG 7996 --- [main] eGlobalAuthenticationAutowiredConfigurer : Eagerly initializing {webSecurityConfig=github.com.suitelhy.dingding.userservice.infrastructure.config.security.sso.WebSecurityConfig$$EnhancerBySpringCGLIB$$30b9ed7e@1185b0b7}
2021-01-27 12:40:04.966  INFO 7996 --- [main] o.s.s.web.DefaultSecurityFilterChain     : Creating filter chain: Ant [pattern='/**', OPTIONS], []
2021-01-27 12:40:05.094 DEBUG 7996 --- [main] edFilterInvocationSecurityMetadataSource : Adding web access control expression 'permitAll', for Ant [pattern='/**', OPTIONS]
2021-01-27 12:40:05.097 DEBUG 7996 --- [main] edFilterInvocationSecurityMetadataSource : Adding web access control expression 'authenticated', for any request
2021-01-27 12:40:05.107 DEBUG 7996 --- [main] o.s.s.w.a.i.FilterSecurityInterceptor    : Validated configuration attributes
2021-01-27 12:40:05.108 DEBUG 7996 --- [main] o.s.s.w.a.i.FilterSecurityInterceptor    : Validated configuration attributes
2021-01-27 12:40:05.118  INFO 7996 --- [main] o.s.s.web.DefaultSecurityFilterChain     : Creating filter chain: any request, [org.springframework.security.web.context.request.async.WebAsyncManagerIntegrationFilter@5b5e45bc, org.springframework.security.web.context.SecurityContextPersistenceFilter@27a23d87, org.springframework.security.web.header.HeaderWriterFilter@6894436e, org.springframework.security.web.authentication.logout.LogoutFilter@649a6d88, org.springframework.security.oauth2.provider.authentication.OAuth2AuthenticationProcessingFilter@46e38c28, org.springframework.security.web.savedrequest.RequestCacheAwareFilter@2cbae0f1, org.springframework.security.web.servletapi.SecurityContextHolderAwareRequestFilter@43e9a8a2, org.springframework.security.web.authentication.AnonymousAuthenticationFilter@10c1682b, org.springframework.security.web.session.SessionManagementFilter@7a25f8ee, org.springframework.security.web.access.ExceptionTranslationFilter@31ecd003, org.springframework.security.web.access.intercept.FilterSecurityInterceptor@718e700c]
2021-01-27 12:40:05.166 DEBUG 7996 --- [main] edFilterInvocationSecurityMetadataSource : Adding web access control expression 'permitAll', for Ant [pattern='/**', OPTIONS]
2021-01-27 12:40:05.167 DEBUG 7996 --- [main] edFilterInvocationSecurityMetadataSource : Adding web access control expression 'authenticated', for any request
2021-01-27 12:40:05.167 DEBUG 7996 --- [main] o.s.s.w.a.i.FilterSecurityInterceptor    : Validated configuration attributes
2021-01-27 12:40:05.168 DEBUG 7996 --- [main] o.s.s.w.a.i.FilterSecurityInterceptor    : Validated configuration attributes
2021-01-27 12:40:05.168  INFO 7996 --- [main] o.s.s.web.DefaultSecurityFilterChain     : Creating filter chain: any request, [org.springframework.security.web.context.request.async.WebAsyncManagerIntegrationFilter@7a41f4a7, org.springframework.security.web.context.SecurityContextPersistenceFilter@6da86e98, org.springframework.security.web.header.HeaderWriterFilter@4b1ad751, org.springframework.web.filter.CorsFilter@4a249610, org.springframework.security.web.authentication.logout.LogoutFilter@570ede3b, org.springframework.security.web.savedrequest.RequestCacheAwareFilter@5a5024eb, org.springframework.security.web.servletapi.SecurityContextHolderAwareRequestFilter@476dc0af, org.springframework.security.web.authentication.AnonymousAuthenticationFilter@186e254, org.springframework.security.web.session.SessionManagementFilter@4d0e6424, org.springframework.security.web.access.ExceptionTranslationFilter@5c8d685e, github.com.suitelhy.dingding.userservice.infrastructure.web.security.DingDingAnonymousAuthenticationFilter@7010c9e4, github.com.suitelhy.dingding.userservice.infrastructure.web.security.DingDingFilterSecurityInterceptor@3e4ead73, org.springframework.security.web.access.intercept.FilterSecurityInterceptor@230e163b]
2021-01-27 12:40:05.738  WARN 7996 --- [main] o.s.c.n.a.ArchaiusAutoConfiguration      : No spring.application.name found, defaulting to 'application'
2021-01-27 12:40:05.747  WARN 7996 --- [main] c.n.c.sources.URLConfigurationSource     : No URLs will be polled as dynamic configuration sources.
2021-01-27 12:40:05.761  WARN 7996 --- [main] c.n.c.sources.URLConfigurationSource     : No URLs will be polled as dynamic configuration sources.
2021-01-27 12:40:06.269 DEBUG 7996 --- [main] s.w.s.m.m.a.RequestMappingHandlerAdapter : ControllerAdvice beans: 0 @ModelAttribute, 0 @InitBinder, 1 RequestBodyAdvice, 1 ResponseBodyAdvice
2021-01-27 12:40:06.382 DEBUG 7996 --- [main] o.s.w.s.handler.SimpleUrlHandlerMapping  : Patterns [/api/v2/api-docs, /api/swagger-resources/configuration/ui, /api/swagger-resources/configuration/security, /api/swagger-resources] in 'viewControllerHandlerMapping'
2021-01-27 12:40:06.481 DEBUG 7996 --- [main] o.s.w.s.handler.SimpleUrlHandlerMapping  : Patterns [/webjars/**, /**, /api/swagger-ui.html**, /api/webjars/**] in 'resourceHandlerMapping'
2021-01-27 12:40:06.509 DEBUG 7996 --- [main] .m.m.a.ExceptionHandlerExceptionResolver : ControllerAdvice beans: 0 @ExceptionHandler, 1 ResponseBodyAdvice
2021-01-27 12:40:08.040  WARN 7996 --- [main] ockingLoadBalancerClientRibbonWarnLogger : You already have RibbonLoadBalancerClient on your classpath. It will be used by default. As Spring Cloud Ribbon is in maintenance mode. We recommend switching to BlockingLoadBalancerClient instead. In order to use it, set the value of `spring.cloud.loadbalancer.ribbon.enabled` to `false` or remove spring-cloud-starter-netflix-ribbon from your project.
2021-01-27 12:40:13.190 DEBUG 7996 --- [SpringContextShutdownHook] o.s.w.c.s.GenericWebApplicationContext   : Closing org.springframework.web.context.support.GenericWebApplicationContext@32c0915e, started on Wed Jan 27 12:39:48 CST 2021, parent: org.springframework.context.annotation.AnnotationConfigApplicationContext@6d9f7a80
